app/build/intermediates/manifest_merge_blame_file/debug/manifest-merger-blame-debug-report.txt
1<?xml version="1.0" encoding="utf-8"?>
2<manifest xmlns:android="http://schemas.android.com/apk/res/android"
3    package="com.safety"
4    android:versionCode="1"
5    android:versionName="1.0" >
6
7    <uses-sdk
8        android:minSdkVersion="24"
8-->src\main\AndroidManifest.xml
9        android:targetSdkVersion="28" />
9-->src\main\AndroidManifest.xml
10
11    <uses-permission android:name="android.permission.INTERNET" />
11-->src\main\AndroidManifest.xml:6:5-67
11-->src\main\AndroidManifest.xml:6:22-64
12    <uses-permission android:name="android.permission.READ_CONTACTS" />
12-->src\main\AndroidManifest.xml:7:5-71
12-->src\main\AndroidManifest.xml:7:22-69
13    <uses-permission
13-->src\main\AndroidManifest.xml:8:5-107
14        android:name="android.permission.READ_EXTERNAL_STORAGE"
14-->src\main\AndroidManifest.xml:8:22-77
15        android:maxSdkVersion="18" />
15-->src\main\AndroidManifest.xml:8:78-104
16
17    <uses-feature
17-->src\main\AndroidManifest.xml:9:5-86
18        android:name="android.hardware.camera2"
18-->src\main\AndroidManifest.xml:9:19-58
19        android:required="false" />
19-->src\main\AndroidManifest.xml:9:59-83
20
21    <uses-permission android:name="android.permission.WRITE_EXTERNAL_STORAGE" />
21-->src\main\AndroidManifest.xml:10:5-81
21-->src\main\AndroidManifest.xml:10:22-78
22    <uses-permission android:name="android.permission.WAKE_LOCK" />
22-->src\main\AndroidManifest.xml:11:5-68
22-->src\main\AndroidManifest.xml:11:22-65
23    <uses-permission android:name="android.permission.ACCESS_NETWORK_STATE" />
23-->src\main\AndroidManifest.xml:12:5-79
23-->src\main\AndroidManifest.xml:12:22-76
24
25    <application
25-->src\main\AndroidManifest.xml:14:5-76:19
26        android:allowBackup="true"
26-->src\main\AndroidManifest.xml:17:9-35
27        android:appComponentFactory=""
27-->src\main\AndroidManifest.xml:15:9-39
28        android:debuggable="true"
29        android:extractNativeLibs="false"
30        android:icon="@mipmap/ic_launcher"
30-->src\main\AndroidManifest.xml:18:9-43
31        android:label="@string/app_name"
31-->src\main\AndroidManifest.xml:19:9-41
32        android:roundIcon="@mipmap/ic_launcher_round"
32-->src\main\AndroidManifest.xml:20:9-54
33        android:supportsRtl="true"
33-->src\main\AndroidManifest.xml:21:9-35
34        android:testOnly="true"
35        android:theme="@style/AppTheme" >
35-->src\main\AndroidManifest.xml:22:9-40
36        <provider
36-->src\main\AndroidManifest.xml:23:9-31:20
37            android:name="androidx.core.content.FileProvider"
37-->src\main\AndroidManifest.xml:24:13-62
38            android:authorities="com.safety.android.safety"
38-->src\main\AndroidManifest.xml:25:13-60
39            android:exported="false"
39-->src\main\AndroidManifest.xml:26:13-37
40            android:grantUriPermissions="true" >
40-->src\main\AndroidManifest.xml:27:13-47
41            <meta-data
41-->src\main\AndroidManifest.xml:28:13-30:54
42                android:name="android.support.FILE_PROVIDER_PATHS"
42-->src\main\AndroidManifest.xml:29:17-67
43                android:resource="@xml/file_paths" />
43-->src\main\AndroidManifest.xml:30:17-51
44        </provider>
45        <!-- Mqtt Service -->
46        <service android:name="org.eclipse.paho.android.service.MqttService" />
46-->src\main\AndroidManifest.xml:33:9-80
46-->src\main\AndroidManifest.xml:33:18-77
47
48        <activity
48-->src\main\AndroidManifest.xml:34:9-43:20
49            android:name="com.safety.android.safety.MainActivity"
49-->src\main\AndroidManifest.xml:35:13-41
50            android:configChanges="orientation|keyboardHidden|screenSize"
50-->src\main\AndroidManifest.xml:38:13-74
51            android:label="@string/app_name"
51-->src\main\AndroidManifest.xml:36:13-45
52            android:theme="@style/AppTheme.NoActionBar" >
52-->src\main\AndroidManifest.xml:37:13-56
53            <intent-filter>
53-->src\main\AndroidManifest.xml:39:13-42:29
54                <action android:name="android.intent.action.MAIN" />
54-->src\main\AndroidManifest.xml:40:17-69
54-->src\main\AndroidManifest.xml:40:25-66
55
56                <category android:name="android.intent.category.LAUNCHER" />
56-->src\main\AndroidManifest.xml:41:17-77
56-->src\main\AndroidManifest.xml:41:27-74
57            </intent-filter>
58        </activity>
59        <activity
59-->src\main\AndroidManifest.xml:44:9-47:20
60            android:name="com.safety.android.http.login"
60-->src\main\AndroidManifest.xml:44:19-63
61            android:label="@string/app_name"
61-->src\main\AndroidManifest.xml:45:13-45
62            android:parentActivityName="com.safety.android.safety.MainActivity" >
62-->src\main\AndroidManifest.xml:46:13-55
63        </activity>
64        <activity
64-->src\main\AndroidManifest.xml:48:9-51:20
65            android:name="com.safety.android.safety.Asset.AssetListActivity"
65-->src\main\AndroidManifest.xml:48:19-58
66            android:label="@string/app_name"
66-->src\main\AndroidManifest.xml:49:13-45
67            android:parentActivityName="com.safety.android.safety.MainActivity" >
67-->src\main\AndroidManifest.xml:50:13-55
68        </activity>
69        <activity
69-->src\main\AndroidManifest.xml:52:9-55:20
70            android:name="com.safety.android.safety.HiddenCheck.HiddenCheckListActivity"
70-->src\main\AndroidManifest.xml:52:19-70
71            android:label="@string/app_name"
71-->src\main\AndroidManifest.xml:53:13-45
72            android:parentActivityName="com.safety.android.safety.MainActivity" >
72-->src\main\AndroidManifest.xml:54:13-55
73        </activity>
74        <activity
74-->src\main\AndroidManifest.xml:56:9-59:20
75            android:name="com.safety.android.safety.HiddenNeaten.HiddenNeatenListActivity"
75-->src\main\AndroidManifest.xml:56:19-72
76            android:label="@string/app_name"
76-->src\main\AndroidManifest.xml:57:13-45
77            android:parentActivityName="com.safety.android.safety.MainActivity" >
77-->src\main\AndroidManifest.xml:58:13-55
78        </activity>
79        <activity
79-->src\main\AndroidManifest.xml:60:9-63:20
80            android:name="com.safety.android.safety.SafeList.SafeListActivity"
80-->src\main\AndroidManifest.xml:60:19-60
81            android:label="@string/app_name"
81-->src\main\AndroidManifest.xml:61:13-45
82            android:parentActivityName="com.safety.android.safety.MainActivity" >
82-->src\main\AndroidManifest.xml:62:13-55
83        </activity>
84        <activity
84-->src\main\AndroidManifest.xml:64:9-67:20
85            android:name="com.safety.android.safety.SafeList.SafePagerActivity"
85-->src\main\AndroidManifest.xml:64:19-61
86            android:label="Safety"
86-->src\main\AndroidManifest.xml:65:13-35
87            android:parentActivityName="com.safety.android.safety.SafeList.SafeListActivity" >
87-->src\main\AndroidManifest.xml:66:13-68
88        </activity>
89        <activity
89-->src\main\AndroidManifest.xml:68:9-71:20
90            android:name="com.safety.android.safety.PhotoGallery.PhotoGalleryActivity"
90-->src\main\AndroidManifest.xml:68:19-68
91            android:label="@string/app_name"
91-->src\main\AndroidManifest.xml:69:13-45
92            android:parentActivityName="com.safety.android.safety.MainActivity" >
92-->src\main\AndroidManifest.xml:70:13-55
93        </activity>
94        <activity
94-->src\main\AndroidManifest.xml:72:9-75:20
95            android:name="com.safety.android.safety.Message.Chat2Activity"
95-->src\main\AndroidManifest.xml:72:19-56
96            android:label="@string/app_name"
96-->src\main\AndroidManifest.xml:73:13-45
97            android:parentActivityName="com.safety.android.safety.MainActivity" >
97-->src\main\AndroidManifest.xml:74:13-55
98        </activity>
99    </application>
100
101</manifest>